<?xml version="1.0" encoding="UTF-8" ?>
<testsuite tests="1" failures="0" name="io.microprofile.config.AppTest" time="0.001" errors="0" skipped="0">
  <properties>
    <property name="java.vendor" value="IBM Corporation"/>
    <property name="sun.java.launcher" value="SUN_STANDARD"/>
    <property name="os.name" value="Windows 7"/>
    <property name="sun.boot.class.path" value="C:\Java8_64\jre\bin\compressedrefs\jclSC180\vm.jar;C:\Java8_64\jre\lib\se-service.jar;C:\Java8_64\jre\lib\cuda4j.jar;C:\Java8_64\jre\lib\math.jar;C:\Java8_64\jre\lib\ibmorb.jar;C:\Java8_64\jre\lib\ibmorbapi.jar;C:\Java8_64\jre\lib\ibmcfw.jar;C:\Java8_64\jre\lib\ibmpkcs.jar;C:\Java8_64\jre\lib\ibmcertpathfw.jar;C:\Java8_64\jre\lib\ibmjgssfw.jar;C:\Java8_64\jre\lib\ibmjssefw.jar;C:\Java8_64\jre\lib\ibmsaslfw.jar;C:\Java8_64\jre\lib\ibmjcefw.jar;C:\Java8_64\jre\lib\ibmjgssprovider.jar;C:\Java8_64\jre\lib\ibmjsseprovider2.jar;C:\Java8_64\jre\lib\ibmcertpathprovider.jar;C:\Java8_64\jre\lib\xmldsigfw.jar;C:\Java8_64\jre\lib\xml.jar;C:\Java8_64\jre\lib\charsets.jar;C:\Java8_64\jre\lib\resources.jar;C:\Java8_64\jre\lib\rt.jar;C:\Java8_64\jre\lib\dataaccess.jar"/>
    <property name="sun.desktop" value="windows"/>
    <property name="java.vm.specification.vendor" value="Oracle Corporation"/>
    <property name="java.runtime.version" value="pwa6480sr3fp11-20160817_02 (SR3 FP11)"/>
    <property name="user.name" value="Emily"/>
    <property name="java.compiler" value="j9jit28"/>
    <property name="os.encoding" value="UTF8"/>
    <property name="guice.disable.misplaced.annotation.check" value="true"/>
    <property name="com.ibm.util.extralibs.properties" value=""/>
    <property name="com.ibm.jcl.checkClassPath" value=""/>
    <property name="user.language" value="en"/>
    <property name="com.ibm.oti.vm.bootstrap.library.path" value="C:\Java8_64\jre\bin\compressedrefs;C:\Java8_64\jre\bin"/>
    <property name="sun.boot.library.path" value="C:\Java8_64\jre\bin\compressedrefs;C:\Java8_64\jre\bin"/>
    <property name="classworlds.conf" value="C:\tools\apache-maven-3.2.1\bin\..\bin\m2.conf"/>
    <property name="java.version" value="1.8.0"/>
    <property name="user.timezone" value="Europe/London"/>
    <property name="com.ibm.system.agent.path" value="C:\Java8_64\jre\bin"/>
    <property name="sun.arch.data.model" value="64"/>
    <property name="com.ibm.zero.version" value="2"/>
    <property name="java.endorsed.dirs" value="C:\Java8_64\jre\lib\endorsed"/>
    <property name="com.ibm.oti.vm.library.version" value="28"/>
    <property name="sun.jnu.encoding" value="Cp1252"/>
    <property name="file.encoding.pkg" value="sun.io"/>
    <property name="file.separator" value="\"/>
    <property name="java.specification.name" value="Java Platform API Specification"/>
    <property name="com.ibm.packed.version" value="2"/>
    <property name="java.class.version" value="52.0"/>
    <property name="org.slf4j.simpleLogger.defaultLogLevel" value="info"/>
    <property name="user.country" value="GB"/>
    <property name="java.home" value="C:\Java8_64\jre"/>
    <property name="java.vm.info" value="JRE 1.8.0 Windows 7 amd64-64 Compressed References 20160816_315341 (JIT enabled, AOT enabled)
J9VM - R28_20160816_1459_B315341
JIT  - tr.r14.java.green_20160726_121883
GC   - R28_20160816_1459_B315341_CMPRSS
J9CL - 20160816_315341"/>
    <property name="os.version" value="6.1"/>
    <property name="path.separator" value=";"/>
    <property name="java.vm.version" value="2.8"/>
    <property name="user.variant" value=""/>
    <property name="console.encoding" value="Cp850"/>
    <property name="java.awt.printerjob" value="sun.awt.windows.WPrinterJob"/>
    <property name="sun.io.unicode.encoding" value="UnicodeLittle"/>
    <property name="awt.toolkit" value="sun.awt.windows.WToolkit"/>
    <property name="ibm.signalhandling.sigint" value="true"/>
    <property name="user.home" value="C:\Users\Emily"/>
    <property name="com.ibm.cpu.endian" value="little"/>
    <property name="java.specification.vendor" value="Oracle Corporation"/>
    <property name="ibm.signalhandling.sigchain" value="true"/>
    <property name="java.library.path" value="C:\Java8_64\jre\bin\compressedrefs;C:\Java8_64\jre\bin;C:\Windows\system32;C:\Windows;C:\ProgramData\Oracle\Java\javapath;C:\Java711\bin;C:\sandbox\mantis\bin;C:\Program Files (x86)\Intel\iCLS Client\;C:\Program Files\IBM\Infoprint Select;C:\Program Files\Intel\iCLS Client\;C:\Windows\system32;C:\Windows;C:\Windows\System32\Wbem;C:\Windows\System32\WindowsPowerShell\v1.0\;C:\Program Files\Intel\WiFi\bin\;C:\Program Files\Common Files\Intel\WirelessCommon\;C:\Program Files\ThinkPad\Bluetooth Software\;C:\Program Files\ThinkPad\Bluetooth Software\syswow64;C:\Program Files\Intel\Intel(R) Management Engine Components\DAL;C:\Program Files\Intel\Intel(R) Management Engine Components\IPT;C:\Program Files (x86)\Intel\Intel(R) Management Engine Components\DAL;C:\Program Files (x86)\Intel\Intel(R) Management Engine Components\IPT;C:\Program Files (x86)\Intel\OpenCL SDK\2.0\bin\x86;C:\Program Files (x86)\Intel\OpenCL SDK\2.0\bin\x64;C:\Program Files (x86)\Common Files\Ulead Systems\MPEG;C:\SWTOOLS\ReadyApps;C:\Program Files (x86)\Common Files\Lenovo;c:\java60\jre\bin;c:\notes;c:\Java711\bin;C:\tools\apache-maven-3.2.1\bin;C:\Program Files\TortoiseSVN\bin;C:\Program Files (x86)\7-Zip;C:\Program Files (x86)\IBM\Personal Communications\;C:\Program Files (x86)\IBM\Trace Facility\;C:\Program Files (x86)\Skype\Phone\;C:\Program Files\IBM\Bluemix\bin;C:\Git-2.6.3\cmd;C:\Cloud Foundry;C:\cf;c:\Java8_64;c:\notes\;c:\notes\;C:/notes/framework/../jvm/bin/j9vm;C:/notes/framework/../jvm/bin;c:\notes\;C:\Java711\bin;C:\sandbox\mantis\bin;C:\Program Files (x86)\Intel\iCLS Client\;C:\Program Files\IBM\Infoprint Select;C:\Program Files\Intel\iCLS Client\;C:\Windows\system32;C:\Windows;C:\Windows\System32\Wbem;C:\Windows\System32\WindowsPowerShell\v1.0\;C:\Program Files\Intel\WiFi\bin\;C:\Program Files\Common Files\Intel\WirelessCommon\;C:\Program Files\ThinkPad\Bluetooth Software\;C:\Program Files\ThinkPad\Bluetooth Software\syswow64;C:\Program Files\Intel\Intel(R) Management Engine Components\DAL;C:\Program Files\Intel\Intel(R) Management Engine Components\IPT;C:\Program Files (x86)\Intel\Intel(R) Management Engine Components\DAL;C:\Program Files (x86)\Intel\Intel(R) Management Engine Components\IPT;C:\Program Files (x86)\Intel\OpenCL SDK\2.0\bin\x86;C:\Program Files (x86)\Intel\OpenCL SDK\2.0\bin\x64;C:\Program Files (x86)\Common Files\Ulead Systems\MPEG;C:\SWTOOLS\ReadyApps;C:\Program Files (x86)\Common Files\Lenovo;c:\java60\jre\bin;c:\notes;c:\Java711\bin;C:\tools\apache-maven-3.2.1\bin;C:\Program Files\TortoiseSVN\bin;C:\Program Files (x86)\7-Zip;C:\Git\cmd;C:\Program Files (x86)\Skype\Phone\;C:\Program Files (x86)\IBM\Personal Communications\;C:\Program Files (x86)\IBM\Trace Facility\;C:/notes/framework/../;C:/notes/framework/rcp/eclipse/plugins/com.ibm.mobileservices.isync.win32.x86_9.1.3.1-20110915-1350/os/win32/x86;C:/notes/framework/rcp/eclipse/plugins/com.ibm.rcp.os.win32_6.2.3.20110915-1350/os/win32/x86;C:\docker;."/>
    <property name="java.vendor.url" value="http://www.ibm.com/"/>
    <property name="java.vm.vendor" value="IBM Corporation"/>
    <property name="java.fullversion" value="JRE 1.8.0 IBM J9 2.8 Windows 7 amd64-64 Compressed References 20160816_315341 (JIT enabled, AOT enabled)
J9VM - R28_20160816_1459_B315341
JIT  - tr.r14.java.green_20160726_121883
GC   - R28_20160816_1459_B315341_CMPRSS
J9CL - 20160816_315341"/>
    <property name="maven.home" value="C:\tools\apache-maven-3.2.1\bin\.."/>
    <property name="java.runtime.name" value="Java(TM) SE Runtime Environment"/>
    <property name="sun.java.command" value="org.codehaus.plexus.classworlds.launcher.Launcher clean install"/>
    <property name="java.class.path" value="C:\tools\apache-maven-3.2.1\bin\..\boot\plexus-classworlds-2.5.1.jar"/>
    <property name="java.vm.specification.name" value="Java Virtual Machine Specification"/>
    <property name="java.vm.specification.version" value="1.8"/>
    <property name="sun.cpu.endian" value="little"/>
    <property name="java.io.tmpdir" value="C:\Users\Emily\AppData\Local\Temp\"/>
    <property name="ibm.system.encoding" value="Cp1252"/>
    <property name="os.arch" value="amd64"/>
    <property name="java.awt.graphicsenv" value="sun.awt.Win32GraphicsEnvironment"/>
    <property name="ibm.signalhandling.rs" value="false"/>
    <property name="java.ext.dirs" value="C:\Java8_64\jre\lib\ext"/>
    <property name="user.dir" value="C:\microprofile-ws\microprofile.config.incubator"/>
    <property name="line.separator" value="
"/>
    <property name="java.vm.name" value="IBM J9 VM"/>
    <property name="com.ibm.oti.shared.enabled" value="false"/>
    <property name="com.ibm.vm.bitmode" value="64"/>
    <property name="file.encoding" value="Cp1252"/>
    <property name="com.ibm.oti.configuration" value="scar"/>
    <property name="java.specification.version" value="1.8"/>
    <property name="com.ibm.oti.jcl.build" value="20160816_315341"/>
  </properties>
  <testcase classname="io.microprofile.config.AppTest" name="testApp" time="0.001"/>
</testsuite>